Error in REST/urls
uploads/Safarnama_FULL_AUDIO_Song___Tamasha___Ranbir_Kapoor_Deepika_Padukone___T-Series.mp3
uploads/Safarnama_FULL_AUDIO_Song___Tamasha___Ranbir_Kapoor_Deepika_Padukone___T-Series.mp3
uploads/Safarnama_FULL_AUDIO_Song___Tamasha___Ranbir_Kapoor_Deepika_Padukone___T-Series.mp3
/home/shikha.desai/Internship_Prework/PreWork_PPTs_Git_Repo/Internship_PreWork/Python/djangoapi-master/REST/media/uploads/Safarnama_FULL_AUDIO_Song___Tamasha___Ranbir_Kapoor_Deepika_Padukone___T-Series.mp3
/home/shikha.desai/Internship_Prework/PreWork_PPTs_Git_Repo/Internship_PreWork/Python/djangoapi-master/~/DownloadTest/media/uploads/Safarnama_FULL_AUDIO_Song___Tamasha___Ranbir_Kapoor_Deepika_Padukone___T-Series.mp3
uploads/Safarnama_FULL_AUDIO_Song___Tamasha___Ranbir_Kapoor_Deepika_Padukone___T-Series.mp3
/home/shikha.desai/Internship_Prework/PreWork_PPTs_Git_Repo/Internship_PreWork/Python/djangoapi-master/REST/media/uploads/Safarnama_FULL_AUDIO_Song___Tamasha___Ranbir_Kapoor_Deepika_Padukone___T-Series.mp3
~/DownloadTest/media/uploads/Safarnama_FULL_AUDIO_Song___Tamasha___Ranbir_Kapoor_Deepika_Padukone___T-Series.mp3
uploads/Safarnama_FULL_AUDIO_Song___Tamasha___Ranbir_Kapoor_Deepika_Padukone___T-Series.mp3
/home/shikha.desai/Internship_Prework/PreWork_PPTs_Git_Repo/Internship_PreWork/Python/djangoapi-master/REST/media/uploads/Safarnama_FULL_AUDIO_Song___Tamasha___Ranbir_Kapoor_Deepika_Padukone___T-Series.mp3
~/DownloadTest/media/uploads/Safarnama_FULL_AUDIO_Song___Tamasha___Ranbir_Kapoor_Deepika_Padukone___T-Series.mp3
uploads/Safarnama_FULL_AUDIO_Song___Tamasha___Ranbir_Kapoor_Deepika_Padukone___T-Series.mp3
/home/shikha.desai/Internship_Prework/PreWork_PPTs_Git_Repo/Internship_PreWork/Python/djangoapi-master/REST/media/uploads/Safarnama_FULL_AUDIO_Song___Tamasha___Ranbir_Kapoor_Deepika_Padukone___T-Series.mp3
uploads/Safarnama_FULL_AUDIO_Song___Tamasha___Ranbir_Kapoor_Deepika_Padukone___T-Series.mp3
/home/shikha.desai/Internship_Prework/PreWork_PPTs_Git_Repo/Internship_PreWork/Python/djangoapi-master/REST/media/uploads/Safarnama_FULL_AUDIO_Song___Tamasha___Ranbir_Kapoor_Deepika_Padukone___T-Series.mp3
/home/shikha.desai/Internship_Prework/PreWork_PPTs_Git_Repo/Internship_PreWork/Python/djangoapi-master/REST/media/uploads/Safarnama_FULL_AUDIO_Song___Tamasha___Ranbir_Kapoor_Deepika_Padukone___T-Series.mp3
uploads/Safarnama_FULL_AUDIO_Song___Tamasha___Ranbir_Kapoor_Deepika_Padukone___T-Series.mp3
/home/shikha.desai/Internship_Prework/PreWork_PPTs_Git_Repo/Internship_PreWork/Python/djangoapi-master/REST/media/uploads/Safarnama_FULL_AUDIO_Song___Tamasha___Ranbir_Kapoor_Deepika_Padukone___T-Series.mp3
/home/shikha.desai/Internship_Prework/PreWork_PPTs_Git_Repo/Internship_PreWork/Python/djangoapi-master/REST/media/uploads/Safarnama_FULL_AUDIO_Song___Tamasha___Ranbir_Kapoor_Deepika_Padukone___T-Series.mp3
uploads/Safarnama_FULL_AUDIO_Song___Tamasha___Ranbir_Kapoor_Deepika_Padukone___T-Series.mp3
/home/shikha.desai/Internship_Prework/PreWork_PPTs_Git_Repo/Internship_PreWork/Python/djangoapi-master/REST/media/uploads/Safarnama_FULL_AUDIO_Song___Tamasha___Ranbir_Kapoor_Deepika_Padukone___T-Series.mp3
/home/shikha.desai/Internship_Prework/PreWork_PPTs_Git_Repo/Internship_PreWork/Python/djangoapi-master/REST/media/uploads/Safarnama_FULL_AUDIO_Song___Tamasha___Ranbir_Kapoor_Deepika_Padukone___T-Series.mp3
/home/shikha.desai/Internship_Prework/PreWork_PPTs_Git_Repo/Internship_PreWork/Python/djangoapi-master/REST/media/uploads/Safarnama_FULL_AUDIO_Song___Tamasha___Ranbir_Kapoor_Deepika_Padukone___T-Series.mp3
uploads/Safarnama_FULL_AUDIO_Song___Tamasha___Ranbir_Kapoor_Deepika_Padukone___T-Series.mp3
/home/shikha.desai/Internship_Prework/PreWork_PPTs_Git_Repo/Internship_PreWork/Python/djangoapi-master/REST/media/uploads/Safarnama_FULL_AUDIO_Song___Tamasha___Ranbir_Kapoor_Deepika_Padukone___T-Series.mp3
uploads/Safarnama_FULL_AUDIO_Song___Tamasha___Ranbir_Kapoor_Deepika_Padukone___T-Series.mp3
/home/shikha.desai/Internship_Prework/PreWork_PPTs_Git_Repo/Internship_PreWork/Python/djangoapi-master/REST/media/uploads/Safarnama_FULL_AUDIO_Song___Tamasha___Ranbir_Kapoor_Deepika_Padukone___T-Series.mp3
Safarnama_FULL_AUDIO_Song___Tamasha___Ranbir_Kapoor_Deepika_Padukone___T-Series.mp3
uploads/Safarnama_FULL_AUDIO_Song___Tamasha___Ranbir_Kapoor_Deepika_Padukone___T-Series.mp3
/home/shikha.desai/Internship_Prework/PreWork_PPTs_Git_Repo/Internship_PreWork/Python/djangoapi-master/REST/media/uploads/Safarnama_FULL_AUDIO_Song___Tamasha___Ranbir_Kapoor_Deepika_Padukone___T-Series.mp3
Safarnama_FULL_AUDIO_Song___Tamasha___Ranbir_Kapoor_Deepika_Padukone___T-Series.mp3
uploads/Safarnama_FULL_AUDIO_Song___Tamasha___Ranbir_Kapoor_Deepika_Padukone___T-Series.mp3
/home/shikha.desai/Internship_Prework/PreWork_PPTs_Git_Repo/Internship_PreWork/Python/djangoapi-master/REST/media/uploads/Safarnama_FULL_AUDIO_Song___Tamasha___Ranbir_Kapoor_Deepika_Padukone___T-Series.mp3
file paths:
Safarnama_FULL_AUDIO_Song___Tamasha___Ranbir_Kapoor_Deepika_Padukone___T-Series.mp3
uploads/Safarnama_FULL_AUDIO_Song___Tamasha___Ranbir_Kapoor_Deepika_Padukone___T-Series.mp3
/home/shikha.desai/Internship_Prework/PreWork_PPTs_Git_Repo/Internship_PreWork/Python/djangoapi-master/REST/media/uploads/Safarnama_FULL_AUDIO_Song___Tamasha___Ranbir_Kapoor_Deepika_Padukone___T-Series.mp3
file paths:
Safarnama_FULL_AUDIO_Song___Tamasha___Ranbir_Kapoor_Deepika_Padukone___T-Series.mp3
~/DownloadTest/media/Safarnama_FULL_AUDIO_Song___Tamasha___Ranbir_Kapoor_Deepika_Padukone___T-Series.mp3
uploads/Safarnama_FULL_AUDIO_Song___Tamasha___Ranbir_Kapoor_Deepika_Padukone___T-Series.mp3
/home/shikha.desai/Internship_Prework/PreWork_PPTs_Git_Repo/Internship_PreWork/Python/djangoapi-master/REST/media/uploads/Safarnama_FULL_AUDIO_Song___Tamasha___Ranbir_Kapoor_Deepika_Padukone___T-Series.mp3
file paths:
Safarnama_FULL_AUDIO_Song___Tamasha___Ranbir_Kapoor_Deepika_Padukone___T-Series.mp3
~/DownloadTest/media/Safarnama_FULL_AUDIO_Song___Tamasha___Ranbir_Kapoor_Deepika_Padukone___T-Series.mp3
uploads/Safarnama_FULL_AUDIO_Song___Tamasha___Ranbir_Kapoor_Deepika_Padukone___T-Series.mp3
/home/shikha.desai/Internship_Prework/PreWork_PPTs_Git_Repo/Internship_PreWork/Python/djangoapi-master/REST/media/uploads/Safarnama_FULL_AUDIO_Song___Tamasha___Ranbir_Kapoor_Deepika_Padukone___T-Series.mp3
file paths:
uploads/Safarnama_FULL_AUDIO_Song___Tamasha___Ranbir_Kapoor_Deepika_Padukone___T-Series.mp3
~/DownloadTest/media/uploads/Safarnama_FULL_AUDIO_Song___Tamasha___Ranbir_Kapoor_Deepika_Padukone___T-Series.mp3
uploads/Safarnama_FULL_AUDIO_Song___Tamasha___Ranbir_Kapoor_Deepika_Padukone___T-Series.mp3
/home/shikha.desai/Internship_Prework/PreWork_PPTs_Git_Repo/Internship_PreWork/Python/djangoapi-master/REST/media/uploads/Safarnama_FULL_AUDIO_Song___Tamasha___Ranbir_Kapoor_Deepika_Padukone___T-Series.mp3
file paths:
uploads/Safarnama_FULL_AUDIO_Song___Tamasha___Ranbir_Kapoor_Deepika_Padukone___T-Series.mp3
~/DownloadTest/media/uploads/Safarnama_FULL_AUDIO_Song___Tamasha___Ranbir_Kapoor_Deepika_Padukone___T-Series.mp3
uploads/Safarnama_FULL_AUDIO_Song___Tamasha___Ranbir_Kapoor_Deepika_Padukone___T-Series.mp3
/home/shikha.desai/Internship_Prework/PreWork_PPTs_Git_Repo/Internship_PreWork/Python/djangoapi-master/REST/media/uploads/Safarnama_FULL_AUDIO_Song___Tamasha___Ranbir_Kapoor_Deepika_Padukone___T-Series.mp3
file paths:
uploads/Safarnama_FULL_AUDIO_Song___Tamasha___Ranbir_Kapoor_Deepika_Padukone___T-Series.mp3
/home/shikha.desai/DownloadTest/media/uploads/Safarnama_FULL_AUDIO_Song___Tamasha___Ranbir_Kapoor_Deepika_Padukone___T-Series.mp3
