entered post view
entered post view
post request done
entered post view
post request done
entered post view
entered post view
post request done
entered post view
post request done
entered post view
post request done
entered post view
entered post view
entered post view
entered post view
jkl
jkl
jkl
10
10
10
10
10
10
entered post view
entered post view
localhost:8000
entered post view
localhost:8000
LoginApp
entered post view
localhost:8000
LoginApp
post request done
1
entered post view
localhost:8081
LoginApp
http://localhost:8082/LoginApp/signup/
entered post view
localhost:8082
LoginApp
http://localhost:8082/LoginApp/signup/
entered post view
localhost:8082
LoginApp
http://localhost:8082/LoginApp/signup/
http://localhost:8082/LoginApp/signup/
http://localhost:8082/LoginApp/signup/
entered post view
localhost:8082
LoginApp
http://localhost:8082/LoginApp/signup/
entered post view
localhost:8082
LoginApp
post request done
http://localhost:8082/LoginApp/signup/
entered post view
localhost:8082
LoginApp
post request done
entered post view
localhost:8000
LoginApp
post request not successful
entered post view
localhost:8000
LoginApp
400
post request not successful
1
entered post view
localhost:8000
LoginApp
201
post request done
http://localhost:8082/LoginApp/login/
http://localhost:8082/LoginApp/signup/
entered post view
localhost:8082
LoginApp
400
post request not successful
Login successful
1
http://localhost:8082/LoginApp/signup/
entered post view
localhost:8082
LoginApp
201
post request done
http://localhost:8082/LoginApp/signup/
entered post view
localhost:8082
LoginApp
400
post request not successful
http://localhost:8082/LoginApp/login/
Login failed
http://localhost:8082/LoginApp/login/
Login failed
http://localhost:8082/LoginApp/signup/
entered post view
localhost:8082
LoginApp
400
post request not successful
Login failed
entered post view
localhost:8000
LoginApp
400
post request not successful
Login successful
1
Login successful
13
